<?xml version="1.0" encoding="UTF-8"?>
<!-- Generated by org.testng.reporters.JUnitXMLReporter -->
<testsuite ignored="3" hostname="LAPTOP-MD003UJQ" failures="0" tests="1" name="Default test" time="19.763" errors="0" timestamp="2022-12-09T14:51:22 IST">
  <testcase classname="com.training.testcases.LoginPageTest" name="validateLoginTest" time="2.163"/>
  <testcase classname="com.training.testcases.LoginPageTest" name="forgertPasswordLinkTest" time="0.0">
    <ignored/>
  </testcase> <!-- forgertPasswordLinkTest -->
  <testcase classname="com.training.testcases.LoginPageTest" name="validatePageTitleTest" time="0.0">
    <ignored/>
  </testcase> <!-- validatePageTitleTest -->
  <testcase classname="com.training.testcases.LoginPageTest" name="appLoadCheckTest" time="0.0">
    <ignored/>
  </testcase> <!-- appLoadCheckTest -->
</testsuite> <!-- Default test -->
