<?xml version="1.0" encoding="UTF-8"?>
<testng-results ignored="3" total="4" passed="1" failed="0" skipped="0">
  <reporter-output>
  </reporter-output>
  <suite started-at="2022-12-09T14:51:02 IST" name="Default suite" finished-at="2022-12-09T14:51:22 IST" duration-ms="19763">
    <groups>
    </groups>
    <test started-at="2022-12-09T14:51:02 IST" name="Default test" finished-at="2022-12-09T14:51:22 IST" duration-ms="19763">
      <class name="com.training.testcases.LoginPageTest">
        <test-method is-config="true" signature="beforeSetup()[pri:0, instance:com.training.testcases.LoginPageTest@306e95ec]" started-at="2022-12-09T14:51:02 IST" name="beforeSetup" finished-at="2022-12-09T14:51:19 IST" duration-ms="17247" status="PASS">
          <reporter-output>
          </reporter-output>
        </test-method> <!-- beforeSetup -->
        <test-method signature="validateLoginTest()[pri:0, instance:com.training.testcases.LoginPageTest@306e95ec]" started-at="2022-12-09T14:51:19 IST" name="validateLoginTest" finished-at="2022-12-09T14:51:22 IST" duration-ms="2163" status="PASS">
          <reporter-output>
          </reporter-output>
        </test-method> <!-- validateLoginTest -->
        <test-method is-config="true" signature="afterSetup()[pri:0, instance:com.training.testcases.LoginPageTest@306e95ec]" started-at="2022-12-09T14:51:22 IST" name="afterSetup" finished-at="2022-12-09T14:51:22 IST" duration-ms="321" status="PASS">
          <reporter-output>
          </reporter-output>
        </test-method> <!-- afterSetup -->
      </class> <!-- com.training.testcases.LoginPageTest -->
    </test> <!-- Default test -->
  </suite> <!-- Default suite -->
</testng-results>
